#
# A fatal error has been detected by the Java Runtime Environment:
#
#  SIGSEGV (0xb) at pc=0x00007fffc29beee4, pid=77663, tid=775
#
# JRE version: Java(TM) SE Runtime Environment (8.0_65-b17) (build 1.8.0_65-b17)
# Java VM: Java HotSpot(TM) 64-Bit Server VM (25.65-b01 mixed mode bsd-amd64 compressed oops)
# Problematic frame:
# C  [SkyLight+0x10cee4]  _CGSnappingInfoSnapOriginWithFrameOnEdges+0x28
#
# Failed to write core dump. Core dumps have been disabled. To enable core dumping, try "ulimit -c unlimited" before starting Java again
#
# If you would like to submit a bug report, please visit:
#   http://bugreport.java.com/bugreport/crash.jsp
# The crash happened outside the Java Virtual Machine in native code.
# See problematic frame for where to report the bug.
#

---------------  T H R E A D  ---------------

Current thread (0x00007ff70b900000):  JavaThread "AppKit Thread" daemon [_thread_in_native, id=775, stack(0x00007fff53bd6000,0x00007fff543d6000)]

siginfo: si_signo: 11 (SIGSEGV), si_code: 1 (SEGV_MAPERR), si_addr: 0x0000000000000008

Registers:
RAX=0x91dff054e30c0020, RBX=0x00007fff543d2188, RCX=0x4076200000000000, RDX=0x0000000000000008
RSP=0x00007fff543d1ee0, RBP=0x00007fff543d2080, RSI=0x00007fff543d20e0, RDI=0x0000000000000000
R8 =0x00007fff543d2200, R9 =0x00007ff70ac26e28, R10=0x00007fffcb8e9150, R11=0x00007ff7102eabd0
R12=0x00007fffafb5bbd6, R13=0x00007fff543d20e0, R14=0x0000000000000008, R15=0x0000000000000001
RIP=0x00007fffc29beee4, EFLAGS=0x0000000000010202, ERR=0x0000000000000004
  TRAPNO=0x000000000000000e

Top of Stack: (sp=0x00007fff543d1ee0)
0x00007fff543d1ee0:   0000000000000000 0000000000000000
0x00007fff543d1ef0:   0000000000000000 0000000000000000
0x00007fff543d1f00:   0000000000000000 0000000000012f5f
0x00007fff543d1f10:   00016f5300821821 0000000000000000
0x00007fff543d1f20:   43ea800000180000 0000000043f08000
0x00007fff543d1f30:   0000000000000000 0000000000000000
0x00007fff543d1f40:   0000000000000000 0000000000000000
0x00007fff543d1f50:   0000000000000000 0000000000000000
0x00007fff543d1f60:   0000000000000000 00000000017ac700
0x00007fff543d1f70:   017ac800032001e1 00007fffcf28c2d0
0x00007fff543d1f80:   00007fffcf28c2ec 00007fffcf28c2f0
0x00007fff543d1f90:   91dff054e30c0020 00007fffcb8e9150
0x00007fff543d1fa0:   00007fffafb5bbd6 00007fffaf916540
0x00007fff543d1fb0:   00007fffcb6fbec8 0000000000000000
0x00007fff543d1fc0:   00007fff543d1fe0 00007fffc5d1f6cb
0x00007fff543d1fd0:   0000000000000307 00007fffcb8e9150
0x00007fff543d1fe0:   00007fff543d2040 00007fffc5d1ec49
0x00007fff543d1ff0:   0000000000000000 00007fff543d2640
0x00007fff543d2000:   00007fffcb8e9150 00007fffcb8e9178
0x00007fff543d2010:   00000000afa9fb11 00007fff543d23a8
0x00007fff543d2020:   00007fffafb5bbd6 0000000000000001
0x00007fff543d2030:   0000000000000000 0000000000000001
0x00007fff543d2040:   00007fff543d2110 00007fffc5d1e65a
0x00007fff543d2050:   91dff054e30c0020 00007fff543d2188
0x00007fff543d2060:   00007fffafb5bbd6 00007fff543d2188
0x00007fff543d2070:   0000000000000003 0000000000000001
0x00007fff543d2080:   00007fff543d2110 00007fffc29c1727
0x00007fff543d2090:   4069c00000000000 4076200000000000
0x00007fff543d20a0:   4058800000000000 4047800000000000
0x00007fff543d20b0:   4077500000000000 0000000000000000
0x00007fff543d20c0:   4069c00000000000 0000000000000000
0x00007fff543d20d0:   4052400000000000 0000000000000000 

Instructions: (pc=0x00007fffc29beee4)
0x00007fffc29beec4:   41 55 41 54 53 48 81 ec 78 01 00 00 49 89 d6 49
0x00007fffc29beed4:   89 f5 48 8b 05 8b 81 16 0c 48 8b 00 48 89 45 d0
0x00007fffc29beee4:   48 8b 47 08 48 85 c0 75 6c 48 89 fb bf 40 00 00
0x00007fffc29beef4:   00 e8 96 f3 11 00 48 89 df 48 89 47 08 48 c7 40 

Register to memory mapping:

RAX=0x91dff054e30c0020 is an unknown value
RBX=0x00007fff543d2188 is pointing into the stack for thread: 0x00007ff70b900000
RCX=0x4076200000000000 is an unknown value
RDX=0x0000000000000008 is an unknown value
RSP=0x00007fff543d1ee0 is pointing into the stack for thread: 0x00007ff70b900000
RBP=0x00007fff543d2080 is pointing into the stack for thread: 0x00007ff70b900000
RSI=0x00007fff543d20e0 is pointing into the stack for thread: 0x00007ff70b900000
RDI=0x0000000000000000 is an unknown value
R8 =0x00007fff543d2200 is pointing into the stack for thread: 0x00007ff70b900000
R9 =0x00007ff70ac26e28 is an unknown value
R10=0x00007fffcb8e9150: OBJC_METACLASS_$_NSCGSWindow+0 in /System/Library/Frameworks/AppKit.framework/Versions/C/AppKit at 0x00007fffaee49000
R11=0x00007ff7102eabd0 is an unknown value
R12=0x00007fffafb5bbd6: __NSStyleNameIndexTable+0x132ed1 in /System/Library/Frameworks/AppKit.framework/Versions/C/AppKit at 0x00007fffaee49000
R13=0x00007fff543d20e0 is pointing into the stack for thread: 0x00007ff70b900000
R14=0x0000000000000008 is an unknown value
R15=0x0000000000000001 is an unknown value


Stack: [0x00007fff53bd6000,0x00007fff543d6000],  sp=0x00007fff543d1ee0,  free space=8175k
Native frames: (J=compiled Java code, j=interpreted, Vv=VM code, C=native code)
C  [SkyLight+0x10cee4]  _CGSnappingInfoSnapOriginWithFrameOnEdges+0x28
C  [SkyLight+0x10f727]  SLSSnappingInfoSnapFrameForResizing+0x69
C  [AppKit+0x96badb]  NSSnappingInfoSnapFrameForResizing+0xff
C  [AppKit+0xaf645e]  _NSWindowComputeMaxAllowedMovement+0xe56
C  [AppKit+0xaf4002]  -[NSWindow(NSWindowResizing) _frame:resizedFromEdge:withDelta:withEvent:withState:]+0x7fd
C  [AppKit+0x3a68a8]  -[NSWindow(NSWindowResizing) _resizeWithEvent:]+0xd19
C  [AppKit+0x883b70]  -[NSTitledFrame attemptResizeWithEvent:]+0x9d
C  [AppKit+0x2a0e30]  -[NSThemeFrame handleMouseDown:]+0xc3
C  [AppKit+0x2a0fd7]  -[NSThemeFrame mouseDown:]+0x1e
C  [AppKit+0x93691f]  -[NSWindow(NSEventRouting) _handleMouseDownEvent:isDelayedEvent:]+0x18c5
C  [AppKit+0x93313c]  -[NSWindow(NSEventRouting) _reallySendEvent:isDelayedEvent:]+0x796
C  [AppKit+0x9325da]  -[NSWindow(NSEventRouting) sendEvent:]+0x21d
C  [libawt_lwawt.dylib+0x8a6b]  -[AWTWindow_Normal sendEvent:]+0x56
C  [AppKit+0x7bc6f5]  -[NSApplication(NSEvent) sendEvent:]+0x479
C  [libosxapp.dylib+0x232c]  -[NSApplicationAWT sendEvent:]+0x17a
C  [AppKit+0x3c0b9]  -[NSApplication run]+0x3ea
C  [libosxapp.dylib+0x214d]  +[NSApplicationAWT runAWTLoopWithApp:]+0x9c
C  [libawt_lwawt.dylib+0x44517]  -[AWTStarter starter:]+0x389
C  [Foundation+0x71f2a]  __NSThreadPerformPerform+0x146
C  [CoreFoundation+0xa44c1]  __CFRUNLOOP_IS_CALLING_OUT_TO_A_SOURCE0_PERFORM_FUNCTION__+0x11
C  [CoreFoundation+0x858cc]  __CFRunLoopDoSources0+0x22c
C  [CoreFoundation+0x84db6]  __CFRunLoopRun+0x3a6
C  [CoreFoundation+0x847b4]  CFRunLoopRunSpecific+0x1a4
C  [java+0x6463]  CreateExecutionEnvironment+0x367
C  [java+0x21ac]  JLI_Launch+0x7a0
C  [java+0x84c0]  main+0x65
C  [java+0x1a04]  start+0x34
C  0x000000000000000c


---------------  P R O C E S S  ---------------

Java Threads: ( => current thread )
  0x00007ff70bfd5800 JavaThread "Keep-Alive-Timer" daemon [_thread_blocked, id=76627, stack(0x000070000f847000,0x000070000f947000)]
  0x00007ff70bfd5000 JavaThread "Image Fetcher 0" daemon [_thread_blocked, id=81667, stack(0x000070000fb50000,0x000070000fc50000)]
  0x00007ff70badf800 JavaThread "EDT" [_thread_blocked, id=72987, stack(0x000070000f94a000,0x000070000fa4a000)]
  0x00007ff70ba5d000 JavaThread "Java2D Disposer" daemon [_thread_blocked, id=65307, stack(0x000070000f6c1000,0x000070000f7c1000)]
  0x00007ff70c153800 JavaThread "Java2D Queue Flusher" daemon [_thread_blocked, id=56819, stack(0x000070000f5be000,0x000070000f6be000)]
  0x00007ff70b004000 JavaThread "DestroyJavaVM" [_thread_blocked, id=6915, stack(0x000070000e0fc000,0x000070000e1fc000)]
  0x00007ff70b0a8000 JavaThread "Thread-2" [_thread_blocked, id=55555, stack(0x000070000f4bb000,0x000070000f5bb000)]
  0x00007ff70b0a7800 JavaThread "AWT-EventQueue-0" [_thread_in_native, id=48943, stack(0x000070000f3b8000,0x000070000f4b8000)]
  0x00007ff70ca5c000 JavaThread "AWT-Shutdown" [_thread_blocked, id=31515, stack(0x000070000f232000,0x000070000f332000)]
=>0x00007ff70b900000 JavaThread "AppKit Thread" daemon [_thread_in_native, id=775, stack(0x00007fff53bd6000,0x00007fff543d6000)]
  0x00007ff70b056000 JavaThread "Timer-0" daemon [_thread_blocked, id=20227, stack(0x000070000f0ac000,0x000070000f1ac000)]
  0x00007ff70c8a0000 JavaThread "Service Thread" daemon [_thread_blocked, id=19203, stack(0x000070000eea6000,0x000070000efa6000)]
  0x00007ff70b052800 JavaThread "C1 CompilerThread2" daemon [_thread_blocked, id=18691, stack(0x000070000eda3000,0x000070000eea3000)]
  0x00007ff70b830000 JavaThread "C2 CompilerThread1" daemon [_thread_blocked, id=18179, stack(0x000070000eca0000,0x000070000eda0000)]
  0x00007ff70c83a000 JavaThread "C2 CompilerThread0" daemon [_thread_blocked, id=17667, stack(0x000070000eb9d000,0x000070000ec9d000)]
  0x00007ff70c814000 JavaThread "Monitor Ctrl-Break" daemon [_thread_in_native, id=17155, stack(0x000070000ea9a000,0x000070000eb9a000)]
  0x00007ff70b821000 JavaThread "Signal Dispatcher" daemon [_thread_blocked, id=16643, stack(0x000070000e997000,0x000070000ea97000)]
  0x00007ff70c016000 JavaThread "Finalizer" daemon [_thread_blocked, id=12291, stack(0x000070000e811000,0x000070000e911000)]
  0x00007ff70b819000 JavaThread "Reference Handler" daemon [_thread_blocked, id=11779, stack(0x000070000e70e000,0x000070000e80e000)]

Other Threads:
  0x00007ff70b818000 VMThread [stack: 0x000070000e60b000,0x000070000e70b000] [id=11267]
  0x00007ff70c02b800 WatcherThread [stack: 0x000070000efa9000,0x000070000f0a9000] [id=19715]

VM state:not at safepoint (normal execution)

VM Mutex/Monitor currently owned by a thread: None

Heap:
 PSYoungGen      total 71680K, used 39049K [0x00000007b0600000, 0x00000007b9b00000, 0x00000007c0000000)
  eden space 66560K, 50% used [0x00000007b0600000,0x00000007b2726110,0x00000007b4700000)
  from space 5120K, 99% used [0x00000007b4700000,0x00000007b4bfc670,0x00000007b4c00000)
  to   space 9728K, 0% used [0x00000007b9180000,0x00000007b9180000,0x00000007b9b00000)
 ParOldGen       total 87552K, used 14363K [0x0000000791200000, 0x0000000796780000, 0x00000007b0600000)
  object space 87552K, 16% used [0x0000000791200000,0x0000000792006ea0,0x0000000796780000)
 Metaspace       used 20777K, capacity 21148K, committed 21248K, reserved 1069056K
  class space    used 2470K, capacity 2554K, committed 2560K, reserved 1048576K

Card table byte_map: [0x000000010d549000,0x000000010d6c1000] byte_map_base: 0x00000001098c0000

Marking Bits: (ParMarkBitMap*) 0x000000010cadee20
 Begin Bits: [0x000000010d7bb000, 0x000000010e373000)
 End Bits:   [0x000000010e373000, 0x000000010ef2b000)

Polling page: 0x000000010b8ea000

CodeCache: size=245760Kb used=5675Kb max_used=5718Kb free=240084Kb
 bounds [0x0000000115da9000, 0x0000000116349000, 0x0000000124da9000]
 total_blobs=2373 nmethods=1759 adapters=527
 compilation: enabled

Compilation events (10 events):
Event: 44.403 Thread 0x00007ff70b052800 1968       3       javax.swing.JComponent::revalidate (53 bytes)
Event: 44.405 Thread 0x00007ff70b052800 nmethod 1968 0x00000001162f5c50 code [0x00000001162f5f60, 0x00000001162f77b8]
Event: 44.405 Thread 0x00007ff70b052800 1970       3       java.awt.Component::isDisplayable (13 bytes)
Event: 44.405 Thread 0x00007ff70b052800 nmethod 1970 0x00000001162f5810 code [0x00000001162f5980, 0x00000001162f5bd0]
Event: 44.405 Thread 0x00007ff70b052800 1971       1       java.awt.Container::getLayout (5 bytes)
Event: 44.405 Thread 0x00007ff70b052800 nmethod 1971 0x00000001162f5550 code [0x00000001162f56a0, 0x00000001162f57b0]
Event: 44.405 Thread 0x00007ff70b052800 1969       1       java.awt.Component::getHeight (5 bytes)
Event: 44.405 Thread 0x00007ff70b052800 nmethod 1969 0x00000001162f5290 code [0x00000001162f53e0, 0x00000001162f54f0]
Event: 44.410 Thread 0x00007ff70b052800 1972       1       java.awt.Component::isMinimumSizeSet (5 bytes)
Event: 44.411 Thread 0x00007ff70b052800 nmethod 1972 0x00000001162f4fd0 code [0x00000001162f5120, 0x00000001162f5230]

GC Heap History (10 events):
Event: 2.673 GC heap before
{Heap before GC invocations=1 (full 0):
 PSYoungGen      total 38400K, used 33280K [0x00000007b0600000, 0x00000007b3080000, 0x00000007c0000000)
  eden space 33280K, 100% used [0x00000007b0600000,0x00000007b2680000,0x00000007b2680000)
  from space 5120K, 0% used [0x00000007b2b80000,0x00000007b2b80000,0x00000007b3080000)
  to   space 5120K, 0% used [0x00000007b2680000,0x00000007b2680000,0x00000007b2b80000)
 ParOldGen       total 87552K, used 0K [0x0000000791200000, 0x0000000796780000, 0x00000007b0600000)
  object space 87552K, 0% used [0x0000000791200000,0x0000000791200000,0x0000000796780000)
 Metaspace       used 9104K, capacity 9346K, committed 9472K, reserved 1056768K
  class space    used 1087K, capacity 1157K, committed 1280K, reserved 1048576K
Event: 2.676 GC heap after
Heap after GC invocations=1 (full 0):
 PSYoungGen      total 38400K, used 1552K [0x00000007b0600000, 0x00000007b3080000, 0x00000007c0000000)
  eden space 33280K, 0% used [0x00000007b0600000,0x00000007b0600000,0x00000007b2680000)
  from space 5120K, 30% used [0x00000007b2680000,0x00000007b2804010,0x00000007b2b80000)
  to   space 5120K, 0% used [0x00000007b2b80000,0x00000007b2b80000,0x00000007b3080000)
 ParOldGen       total 87552K, used 8K [0x0000000791200000, 0x0000000796780000, 0x00000007b0600000)
  object space 87552K, 0% used [0x0000000791200000,0x0000000791202000,0x0000000796780000)
 Metaspace       used 9104K, capacity 9346K, committed 9472K, reserved 1056768K
  class space    used 1087K, capacity 1157K, committed 1280K, reserved 1048576K
}
Event: 3.026 GC heap before
{Heap before GC invocations=2 (full 0):
 PSYoungGen      total 38400K, used 34832K [0x00000007b0600000, 0x00000007b3080000, 0x00000007c0000000)
  eden space 33280K, 100% used [0x00000007b0600000,0x00000007b2680000,0x00000007b2680000)
  from space 5120K, 30% used [0x00000007b2680000,0x00000007b2804010,0x00000007b2b80000)
  to   space 5120K, 0% used [0x00000007b2b80000,0x00000007b2b80000,0x00000007b3080000)
 ParOldGen       total 87552K, used 8K [0x0000000791200000, 0x0000000796780000, 0x00000007b0600000)
  object space 87552K, 0% used [0x0000000791200000,0x0000000791202000,0x0000000796780000)
 Metaspace       used 10980K, capacity 11202K, committed 11520K, reserved 1058816K
  class space    used 1323K, capacity 1413K, committed 1536K, reserved 1048576K
Event: 3.033 GC heap after
Heap after GC invocations=2 (full 0):
 PSYoungGen      total 38400K, used 5042K [0x00000007b0600000, 0x00000007b5100000, 0x00000007c0000000)
  eden space 33280K, 0% used [0x00000007b0600000,0x00000007b0600000,0x00000007b2680000)
  from space 5120K, 98% used [0x00000007b2b80000,0x00000007b306c8e8,0x00000007b3080000)
  to   space 5120K, 0% used [0x00000007b2680000,0x00000007b2680000,0x00000007b2b80000)
 ParOldGen       total 87552K, used 6114K [0x0000000791200000, 0x0000000796780000, 0x00000007b0600000)
  object space 87552K, 6% used [0x0000000791200000,0x00000007917f8a70,0x0000000796780000)
 Metaspace       used 10980K, capacity 11202K, committed 11520K, reserved 1058816K
  class space    used 1323K, capacity 1413K, committed 1536K, reserved 1048576K
}
Event: 3.079 GC heap before
{Heap before GC invocations=3 (full 0):
 PSYoungGen      total 38400K, used 38322K [0x00000007b0600000, 0x00000007b5100000, 0x00000007c0000000)
  eden space 33280K, 100% used [0x00000007b0600000,0x00000007b2680000,0x00000007b2680000)
  from space 5120K, 98% used [0x00000007b2b80000,0x00000007b306c8e8,0x00000007b3080000)
  to   space 5120K, 0% used [0x00000007b2680000,0x00000007b2680000,0x00000007b2b80000)
 ParOldGen       total 87552K, used 6114K [0x0000000791200000, 0x0000000796780000, 0x00000007b0600000)
  object space 87552K, 6% used [0x0000000791200000,0x00000007917f8a70,0x0000000796780000)
 Metaspace       used 10983K, capacity 11202K, committed 11520K, reserved 1058816K
  class space    used 1323K, capacity 1413K, committed 1536K, reserved 1048576K
Event: 3.085 GC heap after
Heap after GC invocations=3 (full 0):
 PSYoungGen      total 38400K, used 5042K [0x00000007b0600000, 0x00000007b5100000, 0x00000007c0000000)
  eden space 33280K, 0% used [0x00000007b0600000,0x00000007b0600000,0x00000007b2680000)
  from space 5120K, 98% used [0x00000007b2680000,0x00000007b2b6c8e8,0x00000007b2b80000)
  to   space 5120K, 0% used [0x00000007b4c00000,0x00000007b4c00000,0x00000007b5100000)
 ParOldGen       total 87552K, used 8388K [0x0000000791200000, 0x0000000796780000, 0x00000007b0600000)
  object space 87552K, 9% used [0x0000000791200000,0x0000000791a31060,0x0000000796780000)
 Metaspace       used 10983K, capacity 11202K, committed 11520K, reserved 1058816K
  class space    used 1323K, capacity 1413K, committed 1536K, reserved 1048576K
}
Event: 3.117 GC heap before
{Heap before GC invocations=4 (full 0):
 PSYoungGen      total 38400K, used 38322K [0x00000007b0600000, 0x00000007b5100000, 0x00000007c0000000)
  eden space 33280K, 100% used [0x00000007b0600000,0x00000007b2680000,0x00000007b2680000)
  from space 5120K, 98% used [0x00000007b2680000,0x00000007b2b6c8e8,0x00000007b2b80000)
  to   space 5120K, 0% used [0x00000007b4c00000,0x00000007b4c00000,0x00000007b5100000)
 ParOldGen       total 87552K, used 8388K [0x0000000791200000, 0x0000000796780000, 0x00000007b0600000)
  object space 87552K, 9% used [0x0000000791200000,0x0000000791a31060,0x0000000796780000)
 Metaspace       used 10983K, capacity 11202K, committed 11520K, reserved 1058816K
  class space    used 1323K, capacity 1413K, committed 1536K, reserved 1048576K
Event: 3.122 GC heap after
Heap after GC invocations=4 (full 0):
 PSYoungGen      total 71680K, used 5010K [0x00000007b0600000, 0x00000007b5100000, 0x00000007c0000000)
  eden space 66560K, 0% used [0x00000007b0600000,0x00000007b0600000,0x00000007b4700000)
  from space 5120K, 97% used [0x00000007b4c00000,0x00000007b50e48e8,0x00000007b5100000)
  to   space 5120K, 0% used [0x00000007b4700000,0x00000007b4700000,0x00000007b4c00000)
 ParOldGen       total 87552K, used 10669K [0x0000000791200000, 0x0000000796780000, 0x00000007b0600000)
  object space 87552K, 12% used [0x0000000791200000,0x0000000791c6b650,0x0000000796780000)
 Metaspace       used 10983K, capacity 11202K, committed 11520K, reserved 1058816K
  class space    used 1323K, capacity 1413K, committed 1536K, reserved 1048576K
}
Event: 18.316 GC heap before
{Heap before GC invocations=5 (full 0):
 PSYoungGen      total 71680K, used 71570K [0x00000007b0600000, 0x00000007b5100000, 0x00000007c0000000)
  eden space 66560K, 100% used [0x00000007b0600000,0x00000007b4700000,0x00000007b4700000)
  from space 5120K, 97% used [0x00000007b4c00000,0x00000007b50e48e8,0x00000007b5100000)
  to   space 5120K, 0% used [0x00000007b4700000,0x00000007b4700000,0x00000007b4c00000)
 ParOldGen       total 87552K, used 10669K [0x0000000791200000, 0x0000000796780000, 0x00000007b0600000)
  object space 87552K, 12% used [0x0000000791200000,0x0000000791c6b650,0x0000000796780000)
 Metaspace       used 18887K, capacity 19216K, committed 19584K, reserved 1067008K
  class space    used 2248K, capacity 2342K, committed 2432K, reserved 1048576K
Event: 18.326 GC heap after
Heap after GC invocations=5 (full 0):
 PSYoungGen      total 71680K, used 5105K [0x00000007b0600000, 0x00000007b9b00000, 0x00000007c0000000)
  eden space 66560K, 0% used [0x00000007b0600000,0x00000007b0600000,0x00000007b4700000)
  from space 5120K, 99% used [0x00000007b4700000,0x00000007b4bfc670,0x00000007b4c00000)
  to   space 9728K, 0% used [0x00000007b9180000,0x00000007b9180000,0x00000007b9b00000)
 ParOldGen       total 87552K, used 14363K [0x0000000791200000, 0x0000000796780000, 0x00000007b0600000)
  object space 87552K, 16% used [0x0000000791200000,0x0000000792006ea0,0x0000000796780000)
 Metaspace       used 18887K, capacity 19216K, committed 19584K, reserved 1067008K
  class space    used 2248K, capacity 2342K, committed 2432K, reserved 1048576K
}

Deoptimization events (10 events):
Event: 18.213 Thread 0x00007ff70b0a7800 Uncommon trap: reason=unstable_if action=reinterpret pc=0x00000001161a2920 method=java.lang.CharacterDataLatin1.digit(II)I @ 82
Event: 18.308 Thread 0x00007ff70b0a7800 Uncommon trap: reason=unstable_if action=reinterpret pc=0x000000011619d4dc method=java.lang.CharacterDataLatin1.digit(II)I @ 82
Event: 18.328 Thread 0x00007ff70b0a7800 Uncommon trap: reason=unstable_if action=reinterpret pc=0x0000000116206db4 method=java.io.BufferedInputStream.read1([BII)I @ 22
Event: 18.329 Thread 0x00007ff70b0a7800 Uncommon trap: reason=class_check action=maybe_recompile pc=0x00000001162680a4 method=java.io.BufferedInputStream.read1([BII)I @ 39
Event: 18.401 Thread 0x00007ff70b0a7800 Uncommon trap: reason=unstable_if action=reinterpret pc=0x00000001160e6a28 method=java.lang.String.indexOf([CII[CIII)I @ 27
Event: 18.401 Thread 0x00007ff70b0a7800 Uncommon trap: reason=unstable_if action=reinterpret pc=0x000000011607f17c method=java.lang.String.indexOf([CII[CIII)I @ 27
Event: 21.296 Thread 0x00007ff70bfd5000 Uncommon trap: reason=unstable_if action=reinterpret pc=0x00000001162680d8 method=java.io.BufferedInputStream.read1([BII)I @ 29
Event: 21.941 Thread 0x00007ff70bfd5000 Uncommon trap: reason=predicate action=maybe_recompile pc=0x0000000115fcd6f0 method=java.util.regex.Pattern$SliceI.match(Ljava/util/regex/Matcher;ILjava/lang/CharSequence;)Z @ 21
Event: 32.075 Thread 0x00007ff70bfd5000 Uncommon trap: reason=range_check action=make_not_entrant pc=0x0000000115fbbf0c method=java.awt.image.DirectColorModel.setFields()V @ 65
Event: 37.021 Thread 0x00007ff70bfd5000 Uncommon trap: reason=unstable_if action=reinterpret pc=0x0000000116207108 method=sun.awt.image.ImageRepresentation.getOpaqueRGBImage()Ljava/awt/image/BufferedImage; @ 71

Internal exceptions (10 events):
Event: 0.163 Thread 0x00007ff70b004000 Exception <a 'java/security/PrivilegedActionException'> (0x00000007b0675480) thrown at [/Users/java_re/workspace/8-2-build-macosx-x86_64/jdk8u65/4987/hotspot/src/share/vm/prims/jvm.cpp, line 1386]
Event: 0.300 Thread 0x00007ff70b004000 Exception <a 'java/security/PrivilegedActionException'> (0x00000007b07e4ba0) thrown at [/Users/java_re/workspace/8-2-build-macosx-x86_64/jdk8u65/4987/hotspot/src/share/vm/prims/jvm.cpp, line 1386]
Event: 0.300 Thread 0x00007ff70b004000 Exception <a 'java/security/PrivilegedActionException'> (0x00000007b07e4db0) thrown at [/Users/java_re/workspace/8-2-build-macosx-x86_64/jdk8u65/4987/hotspot/src/share/vm/prims/jvm.cpp, line 1386]
Event: 0.301 Thread 0x00007ff70b004000 Exception <a 'java/security/PrivilegedActionException'> (0x00000007b07e8238) thrown at [/Users/java_re/workspace/8-2-build-macosx-x86_64/jdk8u65/4987/hotspot/src/share/vm/prims/jvm.cpp, line 1386]
Event: 0.301 Thread 0x00007ff70b004000 Exception <a 'java/security/PrivilegedActionException'> (0x00000007b07e8448) thrown at [/Users/java_re/workspace/8-2-build-macosx-x86_64/jdk8u65/4987/hotspot/src/share/vm/prims/jvm.cpp, line 1386]
Event: 0.641 Thread 0x00007ff70b004000 Exception <a 'java/lang/NoSuchFieldError': method resolution failed> (0x00000007b0d29c50) thrown at [/Users/java_re/workspace/8-2-build-macosx-x86_64/jdk8u65/4987/hotspot/src/share/vm/prims/methodHandles.cpp, line 1146]
Event: 0.644 Thread 0x00007ff70b004000 Exception <a 'java/lang/NoSuchFieldError': method resolution failed> (0x00000007b0d37ec8) thrown at [/Users/java_re/workspace/8-2-build-macosx-x86_64/jdk8u65/4987/hotspot/src/share/vm/prims/methodHandles.cpp, line 1146]
Event: 1.039 Thread 0x00007ff70b004000 Exception <a 'java/io/FileNotFoundException'> (0x00000007b0dd7338) thrown at [/Users/java_re/workspace/8-2-build-macosx-x86_64/jdk8u65/4987/hotspot/src/share/vm/prims/jni.cpp, line 709]
Event: 1.039 Thread 0x00007ff70b004000 Exception <a 'java/io/FileNotFoundException'> (0x00000007b0dd7ea8) thrown at [/Users/java_re/workspace/8-2-build-macosx-x86_64/jdk8u65/4987/hotspot/src/share/vm/prims/jni.cpp, line 709]
Event: 2.517 Thread 0x00007ff70b0a7800 Implicit null exception at 0x0000000115f32462 to 0x0000000115f32661

Events (10 events):
Event: 44.415 loading class sun/awt/util/IdentityLinkedList$Entry done
Event: 44.415 loading class java/awt/Dialog$4
Event: 44.415 loading class java/awt/Dialog$4 done
Event: 44.415 loading class sun/awt/util/IdentityLinkedList$ListItr
Event: 44.416 loading class sun/awt/util/IdentityLinkedList$ListItr done
Event: 44.417 loading class sun/lwawt/macosx/CPrinterDialogPeer
Event: 44.418 loading class sun/lwawt/macosx/CPrinterDialogPeer done
Event: 44.512 loading class java/awt/ModalEventFilter$1
Event: 44.513 loading class java/awt/ModalEventFilter$1 done
Event: 44.513 loading class java/awt/ModalEventFilter$ApplicationModalEventFilter


Dynamic libraries:
0x000000003be5f000 	/System/Library/Frameworks/Cocoa.framework/Versions/A/Cocoa
0x000000003be5f000 	/System/Library/Frameworks/Security.framework/Versions/A/Security
0x000000003be5f000 	/System/Library/Frameworks/ApplicationServices.framework/Versions/A/ApplicationServices
0x000000003be5f000 	/usr/lib/libz.1.dylib
0x000000003be5f000 	/usr/lib/libSystem.B.dylib
0x000000003be5f000 	/usr/lib/libobjc.A.dylib
0x000000003be5f000 	/System/Library/Frameworks/CoreFoundation.framework/Versions/A/CoreFoundation
0x000000003be5f000 	/System/Library/Frameworks/Foundation.framework/Versions/C/Foundation
0x000000003be5f000 	/System/Library/Frameworks/AppKit.framework/Versions/C/AppKit
0x000000003be5f000 	/System/Library/Frameworks/CoreData.framework/Versions/A/CoreData
0x000000003be5f000 	/System/Library/PrivateFrameworks/RemoteViewServices.framework/Versions/A/RemoteViewServices
0x000000003be5f000 	/System/Library/PrivateFrameworks/UIFoundation.framework/Versions/A/UIFoundation
0x000000003be5f000 	/System/Library/PrivateFrameworks/DFRFoundation.framework/Versions/A/DFRFoundation
0x000000003be5f000 	/usr/lib/libenergytrace.dylib
0x000000003be5f000 	/System/Library/PrivateFrameworks/SkyLight.framework/Versions/A/SkyLight
0x000000003be5f000 	/System/Library/Frameworks/CoreGraphics.framework/Versions/A/CoreGraphics
0x000000003be5f000 	/usr/lib/libScreenReader.dylib
0x000000003be5f000 	/System/Library/Frameworks/Accelerate.framework/Versions/A/Accelerate
0x000000003be5f000 	/System/Library/Frameworks/IOSurface.framework/Versions/A/IOSurface
0x000000003be5f000 	/System/Library/Frameworks/AudioToolbox.framework/Versions/A/AudioToolbox
0x000000003be5f000 	/System/Library/Frameworks/AudioUnit.framework/Versions/A/AudioUnit
0x000000003be5f000 	/System/Library/PrivateFrameworks/DataDetectorsCore.framework/Versions/A/DataDetectorsCore
0x000000003be5f000 	/System/Library/PrivateFrameworks/DesktopServicesPriv.framework/Versions/A/DesktopServicesPriv
0x000000003be5f000 	/System/Library/Frameworks/Carbon.framework/Versions/A/Frameworks/HIToolbox.framework/Versions/A/HIToolbox
0x000000003be5f000 	/usr/lib/libicucore.A.dylib
0x000000003be5f000 	/System/Library/Frameworks/QuartzCore.framework/Versions/A/QuartzCore
0x000000003be5f000 	/System/Library/Frameworks/Carbon.framework/Versions/A/Frameworks/SpeechRecognition.framework/Versions/A/SpeechRecognition
0x000000003be5f000 	/usr/lib/libauto.dylib
0x000000003be5f000 	/usr/lib/libxml2.2.dylib
0x000000003be5f000 	/System/Library/PrivateFrameworks/CoreUI.framework/Versions/A/CoreUI
0x000000003be5f000 	/System/Library/Frameworks/CoreAudio.framework/Versions/A/CoreAudio
0x000000003be5f000 	/System/Library/Frameworks/DiskArbitration.framework/Versions/A/DiskArbitration
0x000000003be5f000 	/usr/lib/liblangid.dylib
0x000000003be5f000 	/System/Library/PrivateFrameworks/MultitouchSupport.framework/Versions/A/MultitouchSupport
0x000000003be5f000 	/System/Library/Frameworks/IOKit.framework/Versions/A/IOKit
0x000000003be5f000 	/usr/lib/libDiagnosticMessagesClient.dylib
0x000000003be5f000 	/System/Library/Frameworks/CoreServices.framework/Versions/A/CoreServices
0x000000003be5f000 	/System/Library/PrivateFrameworks/PerformanceAnalysis.framework/Versions/A/PerformanceAnalysis
0x000000003be5f000 	/System/Library/PrivateFrameworks/GenerationalStorage.framework/Versions/A/GenerationalStorage
0x000000003be5f000 	/System/Library/Frameworks/OpenGL.framework/Versions/A/OpenGL
0x000000003be5f000 	/System/Library/Frameworks/CoreImage.framework/Versions/A/CoreImage
0x000000003be5f000 	/System/Library/Frameworks/CoreText.framework/Versions/A/CoreText
0x000000003be5f000 	/System/Library/Frameworks/ImageIO.framework/Versions/A/ImageIO
0x000000003be5f000 	/System/Library/PrivateFrameworks/Backup.framework/Versions/A/Backup
0x000000003be5f000 	/usr/lib/libarchive.2.dylib
0x000000003be5f000 	/System/Library/Frameworks/CFNetwork.framework/Versions/A/CFNetwork
0x000000003be5f000 	/System/Library/Frameworks/SystemConfiguration.framework/Versions/A/SystemConfiguration
0x000000003be5f000 	/usr/lib/libCRFSuite.dylib
0x000000003be5f000 	/usr/lib/libc++.1.dylib
0x000000003be5f000 	/usr/lib/libc++abi.dylib
0x000000003be5f000 	/usr/lib/system/libcache.dylib
0x000000003be5f000 	/usr/lib/system/libcommonCrypto.dylib
0x000000003be5f000 	/usr/lib/system/libcompiler_rt.dylib
0x000000003be5f000 	/usr/lib/system/libcopyfile.dylib
0x000000003be5f000 	/usr/lib/system/libcorecrypto.dylib
0x000000003be5f000 	/usr/lib/system/libdispatch.dylib
0x000000003be5f000 	/usr/lib/system/libdyld.dylib
0x000000003be5f000 	/usr/lib/system/libkeymgr.dylib
0x000000003be5f000 	/usr/lib/system/liblaunch.dylib
0x000000003be5f000 	/usr/lib/system/libmacho.dylib
0x000000003be5f000 	/usr/lib/system/libquarantine.dylib
0x000000003be5f000 	/usr/lib/system/libremovefile.dylib
0x000000003be5f000 	/usr/lib/system/libsystem_asl.dylib
0x000000003be5f000 	/usr/lib/system/libsystem_blocks.dylib
0x000000003be5f000 	/usr/lib/system/libsystem_c.dylib
0x000000003be5f000 	/usr/lib/system/libsystem_configuration.dylib
0x000000003be5f000 	/usr/lib/system/libsystem_coreservices.dylib
0x000000003be5f000 	/usr/lib/system/libsystem_coretls.dylib
0x000000003be5f000 	/usr/lib/system/libsystem_dnssd.dylib
0x000000003be5f000 	/usr/lib/system/libsystem_info.dylib
0x000000003be5f000 	/usr/lib/system/libsystem_kernel.dylib
0x000000003be5f000 	/usr/lib/system/libsystem_m.dylib
0x000000003be5f000 	/usr/lib/system/libsystem_malloc.dylib
0x000000003be5f000 	/usr/lib/system/libsystem_network.dylib
0x000000003be5f000 	/usr/lib/system/libsystem_networkextension.dylib
0x000000003be5f000 	/usr/lib/system/libsystem_notify.dylib
0x000000003be5f000 	/usr/lib/system/libsystem_platform.dylib
0x000000003be5f000 	/usr/lib/system/libsystem_pthread.dylib
0x000000003be5f000 	/usr/lib/system/libsystem_sandbox.dylib
0x000000003be5f000 	/usr/lib/system/libsystem_secinit.dylib
0x000000003be5f000 	/usr/lib/system/libsystem_symptoms.dylib
0x000000003be5f000 	/usr/lib/system/libsystem_trace.dylib
0x000000003be5f000 	/usr/lib/system/libunwind.dylib
0x000000003be5f000 	/usr/lib/system/libxpc.dylib
0x000000003be5f000 	/usr/lib/libbsm.0.dylib
0x000000003be5f000 	/usr/lib/system/libkxld.dylib
0x000000003be5f000 	/usr/lib/libcoretls.dylib
0x000000003be5f000 	/usr/lib/libcoretls_cfhelpers.dylib
0x000000003be5f000 	/usr/lib/libxar.1.dylib
0x000000003be5f000 	/usr/lib/libsqlite3.dylib
0x000000003be5f000 	/usr/lib/libpam.2.dylib
0x000000003be5f000 	/usr/lib/libOpenScriptingUtil.dylib
0x000000003be5f000 	/usr/lib/libbz2.1.0.dylib
0x000000003be5f000 	/usr/lib/liblzma.5.dylib
0x000000003be5f000 	/usr/lib/libnetwork.dylib
0x000000003be5f000 	/usr/lib/libpcap.A.dylib
0x000000003be5f000 	/System/Library/Frameworks/CoreServices.framework/Versions/A/Frameworks/FSEvents.framework/Versions/A/FSEvents
0x000000003be5f000 	/System/Library/Frameworks/CoreServices.framework/Versions/A/Frameworks/CarbonCore.framework/Versions/A/CarbonCore
0x000000003be5f000 	/System/Library/Frameworks/CoreServices.framework/Versions/A/Frameworks/Metadata.framework/Versions/A/Metadata
0x000000003be5f000 	/System/Library/Frameworks/CoreServices.framework/Versions/A/Frameworks/OSServices.framework/Versions/A/OSServices
0x000000003be5f000 	/System/Library/Frameworks/CoreServices.framework/Versions/A/Frameworks/SearchKit.framework/Versions/A/SearchKit
0x000000003be5f000 	/System/Library/Frameworks/CoreServices.framework/Versions/A/Frameworks/AE.framework/Versions/A/AE
0x000000003be5f000 	/System/Library/Frameworks/CoreServices.framework/Versions/A/Frameworks/LaunchServices.framework/Versions/A/LaunchServices
0x000000003be5f000 	/System/Library/Frameworks/CoreServices.framework/Versions/A/Frameworks/DictionaryServices.framework/Versions/A/DictionaryServices
0x000000003be5f000 	/System/Library/Frameworks/CoreServices.framework/Versions/A/Frameworks/SharedFileList.framework/Versions/A/SharedFileList
0x000000003be5f000 	/System/Library/Frameworks/NetFS.framework/Versions/A/NetFS
0x000000003be5f000 	/System/Library/PrivateFrameworks/NetAuth.framework/Versions/A/NetAuth
0x000000003be5f000 	/System/Library/PrivateFrameworks/login.framework/Versions/A/Frameworks/loginsupport.framework/Versions/A/loginsupport
0x000000003be5f000 	/System/Library/PrivateFrameworks/TCC.framework/Versions/A/TCC
0x000000003be5f000 	/usr/lib/libmecabra.dylib
0x000000003be5f000 	/System/Library/Frameworks/ApplicationServices.framework/Versions/A/Frameworks/ATS.framework/Versions/A/ATS
0x000000003be5f000 	/System/Library/Frameworks/ApplicationServices.framework/Versions/A/Frameworks/ColorSync.framework/Versions/A/ColorSync
0x000000003be5f000 	/System/Library/Frameworks/ApplicationServices.framework/Versions/A/Frameworks/HIServices.framework/Versions/A/HIServices
0x000000003be5f000 	/System/Library/Frameworks/ApplicationServices.framework/Versions/A/Frameworks/LangAnalysis.framework/Versions/A/LangAnalysis
0x000000003be5f000 	/System/Library/Frameworks/ApplicationServices.framework/Versions/A/Frameworks/PrintCore.framework/Versions/A/PrintCore
0x000000003be5f000 	/System/Library/Frameworks/ApplicationServices.framework/Versions/A/Frameworks/QD.framework/Versions/A/QD
0x000000003be5f000 	/System/Library/Frameworks/ApplicationServices.framework/Versions/A/Frameworks/SpeechSynthesis.framework/Versions/A/SpeechSynthesis
0x000000003be5f000 	/System/Library/Frameworks/Accelerate.framework/Versions/A/Frameworks/vImage.framework/Versions/A/vImage
0x000000003be5f000 	/System/Library/Frameworks/Accelerate.framework/Versions/A/Frameworks/vecLib.framework/Versions/A/vecLib
0x000000003be5f000 	/System/Library/Frameworks/Accelerate.framework/Versions/A/Frameworks/vecLib.framework/Versions/A/libvDSP.dylib
0x000000003be5f000 	/System/Library/Frameworks/Accelerate.framework/Versions/A/Frameworks/vecLib.framework/Versions/A/libBNNS.dylib
0x000000003be5f000 	/System/Library/Frameworks/Accelerate.framework/Versions/A/Frameworks/vecLib.framework/Versions/A/libQuadrature.dylib
0x000000003be5f000 	/System/Library/Frameworks/Accelerate.framework/Versions/A/Frameworks/vecLib.framework/Versions/A/libvMisc.dylib
0x000000003be5f000 	/System/Library/Frameworks/Accelerate.framework/Versions/A/Frameworks/vecLib.framework/Versions/A/libLAPACK.dylib
0x000000003be5f000 	/System/Library/Frameworks/Accelerate.framework/Versions/A/Frameworks/vecLib.framework/Versions/A/libBLAS.dylib
0x000000003be5f000 	/System/Library/Frameworks/Accelerate.framework/Versions/A/Frameworks/vecLib.framework/Versions/A/libLinearAlgebra.dylib
0x000000003be5f000 	/System/Library/Frameworks/Accelerate.framework/Versions/A/Frameworks/vecLib.framework/Versions/A/libSparseBLAS.dylib
0x000000003be5f000 	/System/Library/Frameworks/ApplicationServices.framework/Versions/A/Frameworks/ATS.framework/Versions/A/Resources/libFontParser.dylib
0x000000003be5f000 	/System/Library/Frameworks/ApplicationServices.framework/Versions/A/Frameworks/ATS.framework/Versions/A/Resources/libFontRegistry.dylib
0x000000003be5f000 	/System/Library/Frameworks/ImageIO.framework/Versions/A/Resources/libJPEG.dylib
0x000000003be5f000 	/System/Library/Frameworks/ImageIO.framework/Versions/A/Resources/libTIFF.dylib
0x000000003be5f000 	/System/Library/Frameworks/ImageIO.framework/Versions/A/Resources/libPng.dylib
0x000000003be5f000 	/System/Library/Frameworks/ImageIO.framework/Versions/A/Resources/libGIF.dylib
0x000000003be5f000 	/System/Library/Frameworks/ImageIO.framework/Versions/A/Resources/libJP2.dylib
0x000000003be5f000 	/System/Library/Frameworks/ImageIO.framework/Versions/A/Resources/libRadiance.dylib
0x000000003be5f000 	/usr/lib/libcompression.dylib
0x000000003be5f000 	/System/Library/PrivateFrameworks/AppleJPEG.framework/Versions/A/AppleJPEG
0x000000003be5f000 	/usr/lib/libcups.2.dylib
0x000000003be5f000 	/System/Library/Frameworks/Kerberos.framework/Versions/A/Kerberos
0x000000003be5f000 	/System/Library/Frameworks/GSS.framework/Versions/A/GSS
0x000000003be5f000 	/usr/lib/libresolv.9.dylib
0x000000003be5f000 	/usr/lib/libiconv.2.dylib
0x000000003be5f000 	/System/Library/PrivateFrameworks/Heimdal.framework/Versions/A/Heimdal
0x000000003be5f000 	/usr/lib/libheimdal-asn1.dylib
0x000000003be5f000 	/System/Library/Frameworks/OpenDirectory.framework/Versions/A/OpenDirectory
0x000000003be5f000 	/System/Library/PrivateFrameworks/CommonAuth.framework/Versions/A/CommonAuth
0x000000003be5f000 	/System/Library/Frameworks/OpenDirectory.framework/Versions/A/Frameworks/CFOpenDirectory.framework/Versions/A/CFOpenDirectory
0x000000003be5f000 	/System/Library/Frameworks/SecurityFoundation.framework/Versions/A/SecurityFoundation
0x000000003be5f000 	/System/Library/PrivateFrameworks/LanguageModeling.framework/Versions/A/LanguageModeling
0x000000003be5f000 	/usr/lib/libmarisa.dylib
0x000000003be5f000 	/usr/lib/libChineseTokenizer.dylib
0x000000003be5f000 	/usr/lib/libcmph.dylib
0x000000003be5f000 	/System/Library/PrivateFrameworks/CoreEmoji.framework/Versions/A/CoreEmoji
0x000000003be5f000 	/System/Library/Frameworks/ServiceManagement.framework/Versions/A/ServiceManagement
0x000000003be5f000 	/usr/lib/libxslt.1.dylib
0x000000003be5f000 	/System/Library/Frameworks/Carbon.framework/Versions/A/Frameworks/Ink.framework/Versions/A/Ink
0x000000003be5f000 	/System/Library/PrivateFrameworks/TextureIO.framework/Versions/A/TextureIO
0x000000003be5f000 	/System/Library/Frameworks/Metal.framework/Versions/A/Metal
0x000000003be5f000 	/usr/lib/libate.dylib
0x000000003be5f000 	/System/Library/PrivateFrameworks/GPUCompiler.framework/libmetal_timestamp.dylib
0x000000003be5f000 	/System/Library/Frameworks/OpenGL.framework/Versions/A/Libraries/libCoreFSCache.dylib
0x000000003be5f000 	/System/Library/PrivateFrameworks/IOAccelerator.framework/Versions/A/IOAccelerator
0x000000003be5f000 	/System/Library/Frameworks/CoreVideo.framework/Versions/A/CoreVideo
0x000000003be5f000 	/usr/lib/libFosl_dynamic.dylib
0x000000003be5f000 	/System/Library/PrivateFrameworks/MetalPerformanceShaders.framework/Versions/A/MetalPerformanceShaders
0x000000003be5f000 	/System/Library/PrivateFrameworks/FaceCore.framework/Versions/A/FaceCore
0x000000003be5f000 	/System/Library/Frameworks/OpenCL.framework/Versions/A/OpenCL
0x000000003be5f000 	/System/Library/Frameworks/OpenGL.framework/Versions/A/Libraries/libGLU.dylib
0x000000003be5f000 	/System/Library/Frameworks/OpenGL.framework/Versions/A/Libraries/libGFXShared.dylib
0x000000003be5f000 	/System/Library/Frameworks/OpenGL.framework/Versions/A/Libraries/libGL.dylib
0x000000003be5f000 	/System/Library/Frameworks/OpenGL.framework/Versions/A/Libraries/libGLImage.dylib
0x000000003be5f000 	/System/Library/Frameworks/OpenGL.framework/Versions/A/Libraries/libCVMSPluginSupport.dylib
0x000000003be5f000 	/System/Library/Frameworks/OpenGL.framework/Versions/A/Libraries/libCoreVMClient.dylib
0x000000003be5f000 	/System/Library/PrivateFrameworks/CrashReporterSupport.framework/Versions/A/CrashReporterSupport
0x000000003be5f000 	/System/Library/PrivateFrameworks/Sharing.framework/Versions/A/Sharing
0x000000003be5f000 	/System/Library/PrivateFrameworks/IconServices.framework/Versions/A/IconServices
0x000000003be5f000 	/System/Library/PrivateFrameworks/ProtocolBuffer.framework/Versions/A/ProtocolBuffer
0x000000003be5f000 	/System/Library/PrivateFrameworks/Apple80211.framework/Versions/A/Apple80211
0x000000003be5f000 	/System/Library/Frameworks/CoreWLAN.framework/Versions/A/CoreWLAN
0x000000003be5f000 	/System/Library/PrivateFrameworks/CoreUtils.framework/Versions/A/CoreUtils
0x000000003be5f000 	/System/Library/Frameworks/IOBluetooth.framework/Versions/A/IOBluetooth
0x000000003be5f000 	/System/Library/PrivateFrameworks/CoreWiFi.framework/Versions/A/CoreWiFi
0x000000003be5f000 	/System/Library/Frameworks/CoreBluetooth.framework/Versions/A/CoreBluetooth
0x000000003be5f000 	/System/Library/Frameworks/CoreDisplay.framework/Versions/A/CoreDisplay
0x000000003be5f000 	/System/Library/PrivateFrameworks/IOPresentment.framework/Versions/A/IOPresentment
0x000000003be5f000 	/System/Library/PrivateFrameworks/DebugSymbols.framework/Versions/A/DebugSymbols
0x000000003be5f000 	/System/Library/PrivateFrameworks/CoreSymbolication.framework/Versions/A/CoreSymbolication
0x000000003be5f000 	/System/Library/PrivateFrameworks/Symbolication.framework/Versions/A/Symbolication
0x000000003be5f000 	/System/Library/PrivateFrameworks/AppleFSCompression.framework/Versions/A/AppleFSCompression
0x000000003be5f000 	/System/Library/PrivateFrameworks/SpeechRecognitionCore.framework/Versions/A/SpeechRecognitionCore
0x000000003be5f000 	/System/Library/PrivateFrameworks/ChunkingLibrary.framework/Versions/A/ChunkingLibrary
0x000000010c200000 	/Library/Java/JavaVirtualMachines/jdk1.8.0_65.jdk/Contents/Home/jre/lib/server/libjvm.dylib
0x000000003be5f000 	/usr/lib/libstdc++.6.dylib
0x000000010b8a7000 	/Library/Java/JavaVirtualMachines/jdk1.8.0_65.jdk/Contents/Home/jre/lib/libverify.dylib
0x000000010b8b5000 	/Library/Java/JavaVirtualMachines/jdk1.8.0_65.jdk/Contents/Home/jre/lib/libjava.dylib
0x000000010b8eb000 	/Library/Java/JavaVirtualMachines/jdk1.8.0_65.jdk/Contents/Home/jre/lib/libinstrument.dylib
0x000000010b949000 	/Library/Java/JavaVirtualMachines/jdk1.8.0_65.jdk/Contents/Home/jre/lib/libzip.dylib
0x0000000110aad000 	/System/Library/Frameworks/JavaVM.framework/Frameworks/JavaRuntimeSupport.framework/JavaRuntimeSupport
0x0000000110ac7000 	/System/Library/Frameworks/JavaVM.framework/Versions/A/Frameworks/JavaNativeFoundation.framework/Versions/A/JavaNativeFoundation
0x0000000110adc000 	/System/Library/Frameworks/JavaVM.framework/Versions/A/JavaVM
0x000000003be5f000 	/System/Library/Frameworks/Carbon.framework/Versions/A/Carbon
0x0000000110ae9000 	/System/Library/PrivateFrameworks/JavaLaunching.framework/Versions/A/JavaLaunching
0x000000003be5f000 	/System/Library/Frameworks/Carbon.framework/Versions/A/Frameworks/CommonPanels.framework/Versions/A/CommonPanels
0x000000003be5f000 	/System/Library/Frameworks/Carbon.framework/Versions/A/Frameworks/Help.framework/Versions/A/Help
0x000000003be5f000 	/System/Library/Frameworks/Carbon.framework/Versions/A/Frameworks/ImageCapture.framework/Versions/A/ImageCapture
0x000000003be5f000 	/System/Library/Frameworks/Carbon.framework/Versions/A/Frameworks/OpenScripting.framework/Versions/A/OpenScripting
0x000000003be5f000 	/System/Library/Frameworks/Carbon.framework/Versions/A/Frameworks/Print.framework/Versions/A/Print
0x000000003be5f000 	/System/Library/Frameworks/Carbon.framework/Versions/A/Frameworks/SecurityHI.framework/Versions/A/SecurityHI
0x0000000112432000 	/Library/Java/JavaVirtualMachines/jdk1.8.0_65.jdk/Contents/Home/jre/lib/libnet.dylib
0x0000000112491000 	/Library/Java/JavaVirtualMachines/jdk1.8.0_65.jdk/Contents/Home/jre/lib/libosx.dylib
0x000000011249f000 	/Library/Java/JavaVirtualMachines/jdk1.8.0_65.jdk/Contents/Home/jre/lib/./libosxapp.dylib
0x000000003be5f000 	/System/Library/Frameworks/ExceptionHandling.framework/Versions/A/ExceptionHandling
0x00000001124bb000 	/Library/Java/JavaVirtualMachines/jdk1.8.0_65.jdk/Contents/Home/jre/lib/libawt.dylib
0x0000000112563000 	/Library/Java/JavaVirtualMachines/jdk1.8.0_65.jdk/Contents/Home/jre/lib/./libmlib_image.dylib
0x000000011262f000 	/Library/Java/JavaVirtualMachines/jdk1.8.0_65.jdk/Contents/Home/jre/lib/libawt_lwawt.dylib
0x000000003be5f000 	/System/Library/PrivateFrameworks/CoreServicesInternal.framework/Versions/A/CoreServicesInternal
0x000000003be5f000 	/System/Library/CoreServices/RawCamera.bundle/Contents/MacOS/RawCamera
0x000000003be5f000 	/System/Library/Frameworks/Accelerate.framework/Versions/A/Frameworks/vImage.framework/Versions/A/Libraries/libCGInterfaces.dylib
0x000000003be5f000 	/System/Library/Frameworks/ApplicationServices.framework/Versions/A/Frameworks/ATS.framework/Versions/A/Resources/libTrueTypeScaler.dylib
0x000000003be5f000 	/System/Library/Frameworks/OpenGL.framework/Versions/A/Resources/GLEngine.bundle/GLEngine
0x000000003be5f000 	/System/Library/Frameworks/OpenGL.framework/Versions/A/Libraries/libGLProgrammability.dylib
0x000000011478f000 	/System/Library/Extensions/AppleIntelHD4000GraphicsGLDriver.bundle/Contents/MacOS/AppleIntelHD4000GraphicsGLDriver
0x000000003be5f000 	/System/Library/PrivateFrameworks/GPUSupport.framework/Versions/A/Libraries/libGPUSupportMercury.dylib
0x000000003be5f000 	/System/Library/Frameworks/OpenGL.framework/Versions/A/Resources/GLRendererFloat.bundle/GLRendererFloat
0x000000003be5f000 	/System/Library/Frameworks/OpenCL.framework/Versions/A/Libraries/libcldcpuengine.dylib
0x000000003be5f000 	/usr/lib/libcrypto.0.9.8.dylib
0x000000003be5f000 	/System/Library/PrivateFrameworks/TrustEvaluationAgent.framework/Versions/A/TrustEvaluationAgent
0x0000000114e50000 	/System/Library/Extensions/AppleIntelHD4000GraphicsMTLDriver.bundle/Contents/MacOS/AppleIntelHD4000GraphicsMTLDriver
0x000000003be5f000 	/System/Library/PrivateFrameworks/FamilyControls.framework/Versions/A/FamilyControls
0x000000003be5f000 	/System/Library/PrivateFrameworks/CommerceKit.framework/Versions/A/Frameworks/CommerceCore.framework/Versions/A/CommerceCore
0x000000003be5f000 	/System/Library/PrivateFrameworks/SystemAdministration.framework/Versions/A/SystemAdministration
0x000000003be5f000 	/System/Library/PrivateFrameworks/AppContainer.framework/Versions/A/AppContainer
0x000000003be5f000 	/System/Library/PrivateFrameworks/SecCodeWrapper.framework/Versions/A/SecCodeWrapper
0x000000003be5f000 	/System/Library/Frameworks/DirectoryService.framework/Versions/A/DirectoryService
0x000000003be5f000 	/System/Library/PrivateFrameworks/DiskImages.framework/Versions/A/DiskImages
0x000000003be5f000 	/System/Library/PrivateFrameworks/LoginUIKit.framework/Versions/A/Frameworks/LoginUICore.framework/Versions/A/LoginUICore
0x000000003be5f000 	/usr/lib/libCoreStorage.dylib
0x000000003be5f000 	/usr/lib/libcsfde.dylib
0x000000003be5f000 	/usr/lib/libodfde.dylib
0x000000003be5f000 	/System/Library/Frameworks/DiscRecording.framework/Versions/A/DiscRecording
0x000000003be5f000 	/usr/lib/libcurl.4.dylib
0x000000003be5f000 	/System/Library/PrivateFrameworks/MediaKit.framework/Versions/A/MediaKit
0x000000003be5f000 	/System/Library/PrivateFrameworks/ProtectedCloudStorage.framework/Versions/A/ProtectedCloudStorage
0x000000003be5f000 	/System/Library/PrivateFrameworks/EFILogin.framework/Versions/A/EFILogin
0x000000003be5f000 	/usr/lib/libutil.dylib
0x000000003be5f000 	/System/Library/Frameworks/LDAP.framework/Versions/A/LDAP
0x000000003be5f000 	/usr/lib/libsasl2.2.dylib
0x000000003be5f000 	/System/Library/PrivateFrameworks/CoreDaemon.framework/Versions/B/CoreDaemon
0x000000003be5f000 	/System/Library/PrivateFrameworks/AppleSRP.framework/Versions/A/AppleSRP
0x000000003be5f000 	/System/Library/PrivateFrameworks/APFS.framework/Versions/A/APFS
0x00000001151f9000 	/Library/Java/JavaVirtualMachines/jdk1.8.0_65.jdk/Contents/Home/jre/lib/libfontmanager.dylib
0x000000003be5f000 	/System/Library/PrivateFrameworks/ViewBridge.framework/Versions/A/ViewBridge
0x000000003be5f000 	/System/Library/PrivateFrameworks/XPCService.framework/Versions/A/XPCService
0x000000003be5f000 	/System/Library/PrivateFrameworks/AppSandbox.framework/Versions/A/AppSandbox
0x000000003be5f000 	/usr/lib/libsandbox.1.dylib
0x000000003be5f000 	/usr/lib/libMatch.1.dylib
0x0000000113825000 	/Library/Java/JavaVirtualMachines/jdk1.8.0_65.jdk/Contents/Home/jre/lib/libosxui.dylib
0x0000000126873000 	/Library/Java/JavaVirtualMachines/jdk1.8.0_65.jdk/Contents/Home/jre/lib/libnio.dylib
0x000000003be5f000 	/System/Library/PrivateFrameworks/Shortcut.framework/Versions/A/Shortcut
0x000000003be5f000 	/System/Library/PrivateFrameworks/HelpData.framework/Versions/A/HelpData
0x0000000129aa5000 	/Library/Java/JavaVirtualMachines/jdk1.8.0_65.jdk/Contents/Home/jre/lib/libt2k.dylib
0x000000003be5f000 	/System/Library/PrivateFrameworks/CloudDocs.framework/Versions/A/CloudDocs
0x000000003be5f000 	/System/Library/Frameworks/CloudKit.framework/Versions/A/CloudKit
0x000000003be5f000 	/System/Library/PrivateFrameworks/MMCS.framework/Versions/A/MMCS
0x000000003be5f000 	/System/Library/Frameworks/CoreLocation.framework/Versions/A/CoreLocation
0x000000003be5f000 	/System/Library/PrivateFrameworks/AssetCacheServices.framework/Versions/A/AssetCacheServices
0x000000003be5f000 	/System/Library/PrivateFrameworks/GeoServices.framework/Versions/A/GeoServices
0x0000000129eba000 	/Library/Java/JavaVirtualMachines/jdk1.8.0_65.jdk/Contents/Home/jre/lib/libsunec.dylib

VM Arguments:
jvm_args: -Xms128m -Xmx750m -XX:ReservedCodeCacheSize=240m -XX:+UseCompressedOops -Dapple.laf.useScreenMenuBar=true -javaagent:/private/var/folders/z2/2prllyvd0bzfcmgcpksxgnrh0000gp/T/AppTranslocation/496BF051-38EF-4780-9AB6-C98B24EBD5DF/d/IntelliJ IDEA CE.app/Contents/lib/idea_rt.jar=55476:/private/var/folders/z2/2prllyvd0bzfcmgcpksxgnrh0000gp/T/AppTranslocation/496BF051-38EF-4780-9AB6-C98B24EBD5DF/d/IntelliJ IDEA CE.app/Contents/bin -Dfile.encoding=UTF-8 
java_command: com.codename1.impl.javase.Simulator com.mycompany.myapp.MyApplication
java_class_path (initial): /Users/cashexpress/IdeaProjects/finaltest/out/production/finaltest:/Users/cashexpress/IdeaProjects/finaltest/src:/Users/cashexpress/IdeaProjects/finaltest/lib/CodenameOne.jar:/Users/cashexpress/IdeaProjects/finaltest/JavaSE.jar:native/internal_tmp:lib/impl/cls:/private/var/folders/z2/2prllyvd0bzfcmgcpksxgnrh0000gp/T/AppTranslocation/496BF051-38EF-4780-9AB6-C98B24EBD5DF/d/IntelliJ IDEA CE.app/Contents/lib/idea_rt.jar
Launcher Type: SUN_STANDARD

Environment Variables:
PATH=/usr/bin:/bin:/usr/sbin:/sbin:/usr/local/bin
SHELL=/bin/bash

Signal Handlers:
SIGSEGV: [libjvm.dylib+0x5a6d31], sa_mask[0]=11111111011111110111111111111111, sa_flags=SA_ONSTACK|SA_RESTART|SA_SIGINFO
SIGBUS: [libjvm.dylib+0x5a6d31], sa_mask[0]=11111111011111110111111111111111, sa_flags=SA_RESTART|SA_SIGINFO
SIGFPE: [libjvm.dylib+0x480a40], sa_mask[0]=11111111011111110111111111111111, sa_flags=SA_RESTART|SA_SIGINFO
SIGPIPE: [libjvm.dylib+0x480a40], sa_mask[0]=11111111011111110111111111111111, sa_flags=SA_RESTART|SA_SIGINFO
SIGXFSZ: [libjvm.dylib+0x480a40], sa_mask[0]=11111111011111110111111111111111, sa_flags=SA_RESTART|SA_SIGINFO
SIGILL: [libjvm.dylib+0x480a40], sa_mask[0]=11111111011111110111111111111111, sa_flags=SA_RESTART|SA_SIGINFO
SIGUSR1: SIG_DFL, sa_mask[0]=00000000000000000000000000000000, sa_flags=none
SIGUSR2: [libjvm.dylib+0x48055e], sa_mask[0]=00100000000000000000000000000000, sa_flags=SA_RESTART|SA_SIGINFO
SIGHUP: [libjvm.dylib+0x47eb35], sa_mask[0]=11111111011111110111111111111111, sa_flags=SA_RESTART|SA_SIGINFO
SIGINT: [libjvm.dylib+0x47eb35], sa_mask[0]=11111111011111110111111111111111, sa_flags=SA_RESTART|SA_SIGINFO
SIGTERM: [libjvm.dylib+0x47eb35], sa_mask[0]=11111111011111110111111111111111, sa_flags=SA_RESTART|SA_SIGINFO
SIGQUIT: [libjvm.dylib+0x47eb35], sa_mask[0]=11111111011111110111111111111111, sa_flags=SA_RESTART|SA_SIGINFO


---------------  S Y S T E M  ---------------

OS:Bsduname:Darwin 16.1.0 Darwin Kernel Version 16.1.0: Wed Oct 19 20:31:56 PDT 2016; root:xnu-3789.21.4~4/RELEASE_X86_64 x86_64
rlimit: STACK 8192k, CORE 0k, NPROC 709, NOFILE 10240, AS infinity
load average:4.09 4.29 4.48

CPU:total 4 (2 cores per cpu, 2 threads per core) family 6 model 58 stepping 9, cmov, cx8, fxsr, mmx, sse, sse2, sse3, ssse3, sse4.1, sse4.2, popcnt, avx, aes, clmul, erms, ht, tsc, tscinvbit, tscinv

Memory: 4k page, physical 8388608k(145736k free)

/proc/meminfo:


vm_info: Java HotSpot(TM) 64-Bit Server VM (25.65-b01) for bsd-amd64 JRE (1.8.0_65-b17), built on Oct  6 2015 15:36:46 by "java_re" with gcc 4.2.1 (Based on Apple Inc. build 5658) (LLVM build 2336.11.00)

time: Sat Jul  8 22:29:35 2017
elapsed time: 44 seconds (0d 0h 0m 44s)

